<?xml version="1.0" encoding="UTF-8"?>
<!-- Generated by org.testng.reporters.JUnitReportReporter -->
<testsuite hostname="DESKTOP-DK9PHP1" failures="0" tests="6" name="MyTestCases" time="27.697" errors="0" timestamp="2024-06-10T16:37:23 EET" skipped="0">
  <testcase classname="MyTestCases" name="login" time="22.570"/>
  <system-out/>
  <testcase classname="MyTestCases" name="VerifyTheTitle" time="0.033"/>
  <system-out/>
  <testcase classname="MyTestCases" name="TestProducts" time="0.158"/>
  <system-out/>
  <testcase classname="MyTestCases" name="SortItem" time="0.345"/>
  <system-out/>
  <testcase classname="MyTestCases" name="TestProductsName" time="2.303"/>
  <system-out/>
  <testcase classname="MyTestCases" name="TestProductsName2" time="2.288"/>
  <system-out/>
</testsuite> <!-- MyTestCases -->
